INFO:root:STARTING THERMAL SENSOR THREAD
INFO:root:0.0009479820728302002
INFO:root:0.0009479820728302002
INFO:root:0.0009479820728302002
INFO:root:2.695620059967041e-05
INFO:root:-0.0009761005640029907
INFO:root:-0.0056618452072143555
INFO:root:-0.04751485586166382
INFO:root:-0.12596671283245087
INFO:root:-0.44674549996852875
INFO:root:-1.1559974700212479
INFO:root:-2.012306436896324
INFO:root:-3.0869428664445877
INFO:root:-4.320493146777153
INFO:root:-5.604635402560234
INFO:root:-6.839564889669418
INFO:root:-8.07677187025547
INFO:root:-9.19027991592884
INFO:root:-10.280315831303596
INFO:root:-11.432080194354057
INFO:root:-12.402536273002625
INFO:root:-13.407482922077179
INFO:root:-14.483997657895088
INFO:root:-15.57653172314167
INFO:root:-16.77877290546894
INFO:root:-17.980214193463326
INFO:root:-19.14608307182789
INFO:root:-20.295513793826103
INFO:root:-21.481078758835793
INFO:root:-22.520413145422935
INFO:root:-23.645580157637596
INFO:root:-24.79604248702526
INFO:root:-25.913117542862892
INFO:root:-27.020075038075447
INFO:root:-28.16859944164753
INFO:root:-29.30646224319935
INFO:root:-30.445852234959602
INFO:root:-31.64137502014637
INFO:root:-32.79599638283253
INFO:root:-33.91954517364502
INFO:root:-35.08670836687088
INFO:root:-36.178753450512886
INFO:root:-37.30270639061928
INFO:root:-38.46883341670036
INFO:root:-39.63301184773445
INFO:root:-40.82914747297764
INFO:root:-42.065659657120705
INFO:root:-43.28953321278095
INFO:root:-44.50178699195385
INFO:root:-45.67192459106445
INFO:root:-46.84373290836811
INFO:root:-48.081540301442146
INFO:root:-49.32146920263767
INFO:root:-50.55899687111378
INFO:root:-51.821686029434204
INFO:root:-53.10775101184845
INFO:root:-54.29244136810303
INFO:root:-55.56326872110367
INFO:root:-56.89453153312206
INFO:root:-58.137185379862785
INFO:root:-59.38282732665539
INFO:root:-60.6667767316103
INFO:root:-61.83776430785656
INFO:root:-62.97519601881504
INFO:root:-64.07969093322754
INFO:root:-65.27730560302734
INFO:root:-66.4137167930603
INFO:root:-67.58438891172409
INFO:root:-68.75522345304489
INFO:root:-69.93226058781147
INFO:root:-71.045434191823
INFO:root:-72.25817400217056
INFO:root:-73.36423568427563
INFO:root:-74.49394036829472
INFO:root:-75.6304035037756
INFO:root:-76.80346940457821
INFO:root:-78.00944446027279
INFO:root:-79.19070325791836
INFO:root:-80.3940439671278
INFO:root:-81.50190238654613
INFO:root:-82.70241190493107
INFO:root:-83.80938638746738
INFO:root:-85.00554184615612
INFO:root:-86.15828089416027
INFO:root:-87.33397953212261
INFO:root:EXITING THERMAL THREAD
INFO:root:Exiting
INFO:root:STARTING THERMAL SENSOR THREAD
INFO:root:-0.000982329249382019
INFO:root:-0.000982329249382019
INFO:root:-0.00194607675075531
INFO:root:-0.002914920449256897
INFO:root:-0.0038278400897979736
INFO:root:-0.006744116544723511
INFO:root:-0.0420013964176178
INFO:root:-0.13217082619667053
INFO:root:-0.28181037306785583
INFO:root:-0.8087289035320282
INFO:root:-1.6675675809383392
INFO:root:-2.682524189352989
INFO:root:-3.955591559410095
INFO:root:-5.317913204431534
INFO:root:-6.642483726143837
INFO:root:-7.8483190685510635
INFO:root:-9.027679696679115
INFO:root:-10.116312846541405
INFO:root:-11.181018963456154
INFO:root:-12.187005147337914
INFO:root:-13.13023591041565
INFO:root:-14.151323139667511
INFO:root:-15.172917544841766
INFO:root:-16.24750965833664
INFO:root:-17.37861967086792
INFO:root:-18.591954201459885
INFO:root:-19.743206590414047
INFO:root:-20.86016410589218
INFO:root:-22.074116840958595
INFO:root:-23.181195929646492
INFO:root:-24.317390114068985
INFO:root:-25.52099174261093
INFO:root:-26.653289258480072
INFO:root:-27.894230231642723
INFO:root:-29.12441037595272
INFO:root:-30.3436331897974
INFO:root:-31.566370204091072
INFO:root:-33.11908861994743
INFO:root:-34.35850012302399
INFO:root:-35.55217581987381
INFO:root:-36.72863493859768
INFO:root:-37.92032803595066
INFO:root:-39.09299151599407
INFO:root:-40.22303031384945
INFO:root:-41.45184525847435
INFO:root:-42.640660256147385
INFO:root:-43.88053819537163
INFO:root:-45.14421692490578
INFO:root:-46.33540204167366
INFO:root:-47.64904424548149
INFO:root:-48.84858521819115
INFO:root:-50.03768429160118
INFO:root:-51.35428947210312
INFO:root:-52.51070882380009
INFO:root:-53.70020571351051
INFO:root:-55.001562029123306
INFO:root:-56.21740034222603
INFO:root:-57.42154097557068
INFO:root:-58.71664646267891
INFO:root:-59.98542672395706
INFO:root:-61.21344272792339
INFO:root:-62.505351826548576
INFO:root:-63.71969321370125
INFO:root:-64.92701275646687
INFO:root:-66.15382815897465
INFO:root:-67.34310531616211
INFO:root:-68.54275238513947
INFO:root:-69.84638661146164
INFO:root:-71.05720116198063
INFO:root:-72.27621665596962
INFO:root:-73.61343747377396
INFO:root:-74.83972576260567
INFO:root:-76.03621247410774
INFO:root:-77.2749842852354
INFO:root:-78.50294922292233
INFO:root:-79.748207077384
INFO:root:-80.92156511545181
INFO:root:-82.16351668536663
INFO:root:-83.40575496852398
INFO:root:-84.61301536858082
INFO:root:-85.88373254239559
INFO:root:-87.11600778996944
INFO:root:EXITING THERMAL THREAD
INFO:root:Exiting
